<?xml version='1.0' encoding='UTF-8'?>
<testsuite hostname="Gees-MacBook-Air.local" name="HeapTest" tests="5" errors="0" failures="1" skipped="0" time="3.627" timestamp="2023-03-02T15:31:19">
          <properties>
      <property name="java.specification.version" value="19"/><property name="sun.jnu.encoding" value="UTF-8"/><property name="sun.arch.data.model" value="64"/><property name="java.vendor.url" value="https://github.com/Homebrew/homebrew-core/issues"/><property name="sun.boot.library.path" value="/opt/homebrew/Cellar/openjdk/19.0.2/libexec/openjdk.jdk/Contents/Home/lib"/><property name="sun.java.command" value="/opt/homebrew/Cellar/sbt/1.8.2/libexec/bin/sbt-launch.jar testOnly HeapTest"/><property name="jdk.debug" value="release"/><property name="java.specification.vendor" value="Oracle Corporation"/><property name="java.version.date" value="2023-01-17"/><property name="java.home" value="/opt/homebrew/Cellar/openjdk/19.0.2/libexec/openjdk.jdk/Contents/Home"/><property name="file.separator" value="/"/><property name="java.vm.compressedOopsMode" value="Zero based"/><property name="line.separator" value="
"/><property name="java.vm.specification.vendor" value="Oracle Corporation"/><property name="java.specification.name" value="Java Platform API Specification"/><property name="sun.management.compiler" value="HotSpot 64-Bit Tiered Compilers"/><property name="java.runtime.version" value="19.0.2"/><property name="user.name" value="gee"/><property name="log4j.ignoreTCL" value="true"/><property name="file.encoding" value="UTF-8"/><property name="java.vendor.version" value="Homebrew"/><property name="java.io.tmpdir" value="/var/folders/hx/2yg9n21x1_9321cg3dh6p6r00000gn/T/"/><property name="java.version" value="19.0.2"/><property name="java.vm.specification.name" value="Java Virtual Machine Specification"/><property name="native.encoding" value="UTF-8"/><property name="java.library.path" value="/Users/gee/Library/Java/Extensions:/Library/Java/Extensions:/Network/Library/Java/Extensions:/System/Library/Java/Extensions:/usr/lib/java:."/><property name="stderr.encoding" value="UTF-8"/><property name="java.vendor" value="Homebrew"/><property name="scala.ext.dirs" value="/Users/gee/.sbt/1.0/java9-rt-ext-homebrew_19_0_2"/><property name="sun.io.unicode.encoding" value="UnicodeBig"/><property name="socksNonProxyHosts" value="local|*.local|169.254/16|*.169.254/16"/><property name="java.class.path" value="/opt/homebrew/Cellar/sbt/1.8.2/libexec/bin/sbt-launch.jar"/><property name="java.vm.vendor" value="Homebrew"/><property name="jline.shutdownhook" value="false"/><property name="user.timezone" value="Europe/Copenhagen"/><property name="java.vm.specification.version" value="19"/><property name="os.name" value="Mac OS X"/><property name="sun.java.launcher" value="SUN_STANDARD"/><property name="user.country" value="GB"/><property name="http.nonProxyHosts" value="local|*.local|169.254/16|*.169.254/16"/><property name="sun.cpu.endian" value="little"/><property name="user.home" value="/Users/gee"/><property name="user.language" value="en"/><property name="sbt.script" value="/opt/homebrew/Cellar/sbt/1.8.2/libexec/bin/sbt"/><property name="sbt.ipcsocket.tmpdir" value="/var/folders/hx/2yg9n21x1_9321cg3dh6p6r00000gn/T/.sbt939c564c/ipcsocket"/><property name="swoval.tmpdir" value="/var/folders/hx/2yg9n21x1_9321cg3dh6p6r00000gn/T/.sbt939c564c/swoval"/><property name="apple.awt.application.name" value="Boot"/><property name="jline.esc.timeout" value="0"/><property name="ftp.nonProxyHosts" value="local|*.local|169.254/16|*.169.254/16"/><property name="stdout.encoding" value="UTF-8"/><property name="path.separator" value=":"/><property name="os.version" value="13.0"/><property name="jna.nosys" value="true"/><property name="java.runtime.name" value="OpenJDK Runtime Environment"/><property name="java.vm.name" value="OpenJDK 64-Bit Server VM"/><property name="java.vendor.url.bug" value="https://github.com/Homebrew/homebrew-core/issues"/><property name="user.dir" value="/Users/gee/chisel-lab/lab4"/><property name="os.arch" value="aarch64"/><property name="java.vm.info" value="mixed mode, sharing"/><property name="java.vm.version" value="19.0.2"/><property name="java.class.version" value="63.0"/>
    </properties>
          <testcase classname="HeapTest" name="Heap should present the currently largest number on io.root while ready and not empty" time="1.857">
                      
                    </testcase><testcase classname="HeapTest" name="Heap should assert empty after all numbers have been removed" time="0.496">
                      
                    </testcase><testcase classname="HeapTest" name="Heap should assert full when 8 numbers have been inserted" time="0.395">
                      
                    </testcase><testcase classname="HeapTest" name="Heap should deassert full after one number is removed when it was full" time="0.551">
                      <failure message="io_full=true (1, 0x1) did not equal expected=false (0, 0x0) (lines in HeapTest.scala: 137, 113)" type="org.scalatest.exceptions.TestFailedException">org.scalatest.exceptions.TestFailedException: io_full=true (1, 0x1) did not equal expected=false (0, 0x0) (lines in HeapTest.scala: 137, 113)
	at chiseltest.internal.TestEnvInterface.signalExpectFailure(TestEnvInterface.scala:60)
	at chiseltest.internal.TestEnvInterface.signalExpectFailure$(TestEnvInterface.scala:45)
	at HeapTest.signalExpectFailure(HeapTest.scala:8)
	at chiseltest.package$Utils$.expectFailed(package.scala:499)
	at chiseltest.package$Utils$.expectBits(package.scala:490)
	at chiseltest.package$testableBool.expectInternal(package.scala:27)
	at chiseltest.package$testableBool.expect(package.scala:33)
	at HeapTest.$anonfun$new$15(HeapTest.scala:137)
	at HeapTest.$anonfun$new$15$adapted(HeapTest.scala:113)
	at chiseltest.internal.GenericBackend.$anonfun$run$1(GenericBackend.scala:153)
	at chiseltest.internal.ThreadedBackend$TesterThread$$anon$1.$anonfun$run$1(ThreadedBackend.scala:495)
	at chiseltest.internal.GenericBackend.doTimescope(GenericBackend.scala:98)
	at chiseltest.internal.ThreadedBackend$TesterThread$$anon$1.run(ThreadedBackend.scala:495)
	at java.base/java.lang.Thread.run(Thread.java:1589)
Caused by: chiseltest.internal.FailedExpectException: io_full=true (1, 0x1) did not equal expected=false (0, 0x0) (lines in HeapTest.scala: 137, 113)
	... 14 more
</failure>
                    </testcase><testcase classname="HeapTest" name="Heap should not change the sequence if new insertions are issued when it is full" time="0.328">
                      
                    </testcase>
          <system-out><![CDATA[]]></system-out>
          <system-err><![CDATA[]]></system-err>
        </testsuite>